2022-05-11 10:42:49,913 - main.py [line:53] - INFO: 爬取开始ing......
2022-05-11 10:42:51,851 - main.py [line:63] - INFO: 共获取到8条链接.
2022-05-11 10:42:59,886 - main.py [line:47] - INFO: 发现新数据https://m.ds.163.com/article/6275537c340836000151e9bd/插入成功！
2022-05-11 10:42:59,887 - /home/runner/work/sky/sky/api_web.py [line:151] - INFO: 2022-05-11 光遇小助理每日攻略 保存成功!
2022-05-11 10:43:07,436 - /home/runner/work/sky/sky/email_service.py [line:86] - INFO: 2810479369@qq.com邮件推送成功!
2022-05-11 10:43:14,544 - main.py [line:47] - INFO: 发现新数据https://m.ds.163.com/article/6276b2a57442470001649937/插入成功！
2022-05-11 10:43:14,545 - /home/runner/work/sky/sky/api_web.py [line:151] - INFO: 2022-05-11 光遇小助理每日攻略[3895] 保存成功!
2022-05-11 10:43:20,829 - /home/runner/work/sky/sky/email_service.py [line:86] - INFO: 2810479369@qq.com邮件推送成功!
2022-05-11 10:43:27,813 - main.py [line:47] - INFO: 发现新数据https://m.ds.163.com/article/6277f246849ee20001c1d867/插入成功！
2022-05-11 10:43:27,814 - /home/runner/work/sky/sky/api_web.py [line:151] - INFO: 2022-05-11 光遇小助理每日攻略[5884] 保存成功!
2022-05-11 10:43:33,655 - /home/runner/work/sky/sky/email_service.py [line:86] - INFO: 2810479369@qq.com邮件推送成功!
2022-05-11 10:43:40,661 - main.py [line:47] - INFO: 发现新数据https://m.ds.163.com/article/62793fd134083600014a8651/插入成功！
2022-05-11 10:43:40,662 - /home/runner/work/sky/sky/api_web.py [line:151] - INFO: 2022-05-11 光遇小助理每日攻略[3545] 保存成功!
2022-05-11 10:43:46,130 - /home/runner/work/sky/sky/email_service.py [line:86] - INFO: 2810479369@qq.com邮件推送成功!
2022-05-11 10:43:53,063 - main.py [line:47] - INFO: 发现新数据https://m.ds.163.com/article/627a90e5849ee20001863d11/插入成功！
2022-05-11 10:43:53,063 - /home/runner/work/sky/sky/api_web.py [line:151] - INFO: 2022-05-11 光遇小助理每日攻略[2292] 保存成功!
2022-05-11 10:43:58,446 - /home/runner/work/sky/sky/email_service.py [line:86] - INFO: 2810479369@qq.com邮件推送成功!
2022-05-11 10:44:03,452 - main.py [line:85] - INFO: 处理完成! 新数据条数:5
2022-05-12 10:16:54,200 - main.py [line:53] - INFO: 爬取开始ing......
2022-05-12 10:16:56,235 - main.py [line:63] - INFO: 共获取到8条链接.
2022-05-12 10:17:09,008 - main.py [line:47] - INFO: 发现新数据https://m.ds.163.com/article/627be0337442470001815d9b/插入成功！
2022-05-12 10:17:09,009 - /home/runner/work/sky/sky/api_web.py [line:151] - INFO: 2022-05-12 光遇小助理每日攻略 保存成功!
2022-05-12 10:17:16,583 - /home/runner/work/sky/sky/email_service.py [line:86] - INFO: 2810479369@qq.com邮件推送成功!
2022-05-12 10:17:21,589 - main.py [line:85] - INFO: 处理完成! 新数据条数:1
2022-05-13 10:31:55,059 - main.py [line:53] - INFO: 爬取开始ing......
2022-05-13 10:31:56,940 - main.py [line:63] - INFO: 共获取到8条链接.
2022-05-13 10:32:11,418 - main.py [line:47] - INFO: 发现新数据https://m.ds.163.com/article/627d3203849ee200018e9b81/插入成功！
2022-05-13 10:32:11,419 - /home/runner/work/sky/sky/api_web.py [line:151] - INFO: 2022-05-13 光遇小助理每日攻略 保存成功!
2022-05-13 10:32:18,404 - /home/runner/work/sky/sky/email_service.py [line:86] - INFO: 2810479369@qq.com邮件推送成功!
2022-05-13 10:32:23,409 - main.py [line:85] - INFO: 处理完成! 新数据条数:1
2022-05-14 10:33:52,864 - main.py [line:53] - INFO: 爬取开始ing......
2022-05-14 10:33:54,568 - main.py [line:63] - INFO: 共获取到7条链接.
2022-05-14 10:34:05,973 - main.py [line:47] - INFO: 发现新数据https://m.ds.163.com/article/627ea20534083600015b585f/插入成功！
2022-05-14 10:34:05,974 - /home/runner/work/sky/sky/api_web.py [line:151] - INFO: 2022-05-14 光遇小助理每日攻略 保存成功!
2022-05-14 10:34:11,359 - /home/runner/work/sky/sky/email_service.py [line:86] - INFO: 2810479369@qq.com邮件推送成功!
2022-05-14 10:34:16,364 - main.py [line:85] - INFO: 处理完成! 新数据条数:1
